Flutter crash report.
Please report a bug at https://github.com/flutter/flutter/issues.

## command

flutter attach

## exception

StateError: Bad state: Stream has already been listened to.

```
#0      _StreamController._subscribe (dart:async/stream_controller.dart:695:7)
#1      _ControllerStream._createSubscription (dart:async/stream_controller.dart:854:20)
#2      _StreamImpl.listen (dart:async/stream_impl.dart:516:42)
#3      new _ForwardingStreamSubscription (dart:async/stream_pipe.dart:141:37)
#4      _ForwardingStream._createSubscription (dart:async/stream_pipe.dart:105:16)
#5      _ForwardingStream.listen (dart:async/stream_pipe.dart:96:12)
#6      FlutterDevice.connect (package:flutter_tools/src/resident_runner.dart:239:35)
#7      ResidentRunner.connectToServiceProtocol (package:flutter_tools/src/resident_runner.dart:1307:21)
#8      HotRunner._attach (package:flutter_tools/src/run_hot.dart:255:13)
#9      HotRunner.attach (package:flutter_tools/src/run_hot.dart:240:12)
#10     AttachCommand._attachToDevice (package:flutter_tools/src/commands/attach.dart:414:31)
<asynchronous suspension>
#11     AttachCommand.runCommand (package:flutter_tools/src/commands/attach.dart:272:5)
<asynchronous suspension>
#12     FlutterCommand.run.<anonymous closure> (package:flutter_tools/src/runner/flutter_command.dart:1563:27)
<asynchronous suspension>
#13     AppContext.run.<anonymous closure> (package:flutter_tools/src/base/context.dart:154:19)
<asynchronous suspension>
#14     CommandRunner.runCommand (package:args/command_runner.dart:212:13)
<asynchronous suspension>
#15     FlutterCommandRunner.runCommand.<anonymous closure> (package:flutter_tools/src/runner/flutter_command_runner.dart:494:9)
<asynchronous suspension>
#16     AppContext.run.<anonymous closure> (package:flutter_tools/src/base/context.dart:154:19)
<asynchronous suspension>
#17     FlutterCommandRunner.runCommand (package:flutter_tools/src/runner/flutter_command_runner.dart:431:5)
<asynchronous suspension>
#18     run.<anonymous closure>.<anonymous closure> (package:flutter_tools/runner.dart:98:11)
<asynchronous suspension>
#19     AppContext.run.<anonymous closure> (package:flutter_tools/src/base/context.dart:154:19)
<asynchronous suspension>
#20     main (package:flutter_tools/executable.dart:102:3)
<asynchronous suspension>
```

## flutter doctor

```
[32m[✓][39m Flutter (Channel stable, 3.32.2, on macOS 15.5 24F74 darwin-arm64, locale en-US) [213ms]
    [32m•[39m Flutter version 3.32.2 on channel stable at /Users/afwanhaziq/Documents/flutter
    [32m•[39m Upstream repository https://github.com/flutter/flutter.git
    [32m•[39m Framework revision 8defaa71a7 (2 months ago), 2025-06-04 11:02:51 -0700
    [32m•[39m Engine revision 1091508939
    [32m•[39m Dart version 3.8.1
    [32m•[39m DevTools version 2.45.1

[33m[!][39m Android toolchain - develop for Android devices (Android SDK version 35.0.1) [1,505ms]
    [32m•[39m Android SDK at /Users/afwanhaziq/Library/Android/sdk
    [32m•[39m Platform android-35, build-tools 35.0.1
    [32m•[39m ANDROID_HOME = /Users/afwanhaziq/Library/Android/sdk
    [32m•[39m Java binary at: /Applications/Android Studio.app/Contents/jbr/Contents/Home/bin/java
      This is the JDK bundled with the latest Android Studio installation on this machine.
      To manually set the JDK path, use: `flutter config --jdk-dir="path/to/jdk"`.
    [32m•[39m Java version OpenJDK Runtime Environment (build 21.0.6+-13355223-b631.42)
    [33m![39m Some Android licenses not accepted. To resolve this, run: flutter doctor --android-licenses

[32m[✓][39m Xcode - develop for iOS and macOS (Xcode 16.4) [854ms]
    [32m•[39m Xcode at /Applications/Xcode.app/Contents/Developer
    [32m•[39m Build 16F6
    [32m•[39m CocoaPods version 1.16.2

[32m[✓][39m Chrome - develop for the web [2ms]
    [32m•[39m Chrome at /Applications/Google Chrome.app/Contents/MacOS/Google Chrome

[32m[✓][39m Android Studio (version 2024.3) [2ms]
    [32m•[39m Android Studio at /Applications/Android Studio.app/Contents
    [32m•[39m Flutter plugin can be installed from:
      🔨 https://plugins.jetbrains.com/plugin/9212-flutter
    [32m•[39m Dart plugin can be installed from:
      🔨 https://plugins.jetbrains.com/plugin/6351-dart
    [32m•[39m Java version OpenJDK Runtime Environment (build 21.0.6+-13355223-b631.42)

[32m[✓][39m Connected device (4 available) [5.8s]
    [32m•[39m sdk gphone64 arm64 (mobile)     • emulator-5554         • android-arm64  • Android 16 (API 36)
      (emulator)
    [32m•[39m macOS (desktop)                 • macos                 • darwin-arm64   • macOS 15.5 24F74 darwin-arm64
    [32m•[39m Mac Designed for iPad (desktop) • mac-designed-for-ipad • darwin         • macOS 15.5 24F74 darwin-arm64
    [32m•[39m Chrome (web)                    • chrome                • web-javascript • Google Chrome 139.0.7258.128
    [33m![39m Error: Browsing on the local area network for Syed Ahmad’s iPhone. Ensure the device is unlocked and
      attached with a cable or associated with the same local area network as this Mac.
      The device must be opted into Developer Mode to connect wirelessly. (code -27)

[32m[✓][39m Network resources [348ms]
    [32m•[39m All expected network resources are available.

[33m![39m Doctor found issues in 1 category.
```
